#
# A fatal error has been detected by the Java Runtime Environment:
#
#  EXCEPTION_ACCESS_VIOLATION (0xc0000005) at pc=0x00007ff9a40df24b, pid=5228, tid=10004
#
# JRE version: Java(TM) SE Runtime Environment (24.0.1+9) (build 24.0.1+9-30)
# Java VM: Java HotSpot(TM) 64-Bit Server VM (24.0.1+9-30, mixed mode, sharing, tiered, compressed oops, compressed class ptrs, g1 gc, windows-amd64)
# Problematic frame:
# V  [jvm.dll+0x3ff24b]
#
# No core dump will be written. Minidumps are not enabled by default on client versions of Windows
#
# If you would like to submit a bug report, please visit:
#   https://bugreport.java.com/bugreport/crash.jsp
#

---------------  S U M M A R Y ------------

Command Line: -Dclassworlds.conf=C:\Users\suadm\Downloads\netbeans-26-bin\netbeans\java\maven\bin\m2.conf -Dmaven.home=C:\Users\suadm\Downloads\netbeans-26-bin\netbeans\java\maven -Dlibrary.jansi.path=C:\Users\suadm\Downloads\netbeans-26-bin\netbeans\java\maven\lib\jansi-native -Dmaven.multiModuleProjectDirectory=C:\Users\suadm\OneDrive\Documents\NetBeansProjects\tours_and_travel org.codehaus.plexus.classworlds.launcher.Launcher -Dexec.vmArgs= -Dexec.args=${exec.vmArgs} -classpath %classpath ${exec.mainClass} ${exec.appArgs} -Dexec.appArgs= -Dexec.mainClass=com.mycompany.tours_and_travel.MainFrame -Dexec.executable=C:\Program Files\Java\jdk-24\bin\java.exe -Dmaven.ext.class.path=C:\Users\suadm\Downloads\netbeans-26-bin\netbeans\java\maven-nblib\netbeans-eventspy.jar --no-transfer-progress process-classes org.codehaus.mojo:exec-maven-plugin:3.1.0:exec

Host: 12th Gen Intel(R) Core(TM) i7-1255U, 12 cores, 15G,  Windows 11 , 64 bit Build 26100 (10.0.26100.4768)
Time: Sun Aug 31 21:39:38 2025 India Standard Time elapsed time: 0.214159 seconds (0d 0h 0m 0s)

---------------  T H R E A D  ---------------

Current thread (0x000001a5bc327ae0):  JavaThread "main"             [_thread_in_vm, id=10004, stack(0x00000091b9400000,0x00000091b9500000) (1024K)]

Stack: [0x00000091b9400000,0x00000091b9500000],  sp=0x00000091b94fe4b0,  free space=1017k
Native frames: (J=compiled Java code, j=interpreted, Vv=VM code, C=native code)
V  [jvm.dll+0x3ff24b]  (no source info available)
V  [jvm.dll+0x405e4e]  (no source info available)
V  [jvm.dll+0x62c11c]  (no source info available)
V  [jvm.dll+0x62989e]  (no source info available)
V  [jvm.dll+0x62c882]  (no source info available)
V  [jvm.dll+0x62b614]  (no source info available)
V  [jvm.dll+0x4168d2]  (no source info available)
V  [jvm.dll+0x415f96]  (no source info available)
C  0x000001a5ce58911c  (no source info available)

The last pc belongs to invokestatic (printed below).
Java frames: (J=compiled Java code, j=interpreted, Vv=VM code)
j  org.apache.maven.cli.MavenCli.main([Ljava/lang/String;Lorg/codehaus/plexus/classworlds/ClassWorld;)I+8
j  java.lang.invoke.DirectMethodHandle$Holder.invokeStatic(Ljava/lang/Object;Ljava/lang/Object;Ljava/lang/Object;)I+11 java.base@24.0.1
j  java.lang.invoke.LambdaForm$MH+0x000001a5e0008400.invoke(Ljava/lang/Object;Ljava/lang/Object;Ljava/lang/Object;Ljava/lang/Object;)Ljava/lang/Object;+54 java.base@24.0.1
j  java.lang.invoke.LambdaForm$MH+0x000001a5e0008800.invokeExact_MT(Ljava/lang/Object;Ljava/lang/Object;Ljava/lang/Object;Ljava/lang/Object;Ljava/lang/Object;)Ljava/lang/Object;+22 java.base@24.0.1
j  jdk.internal.reflect.DirectMethodHandleAccessor.invokeImpl(Ljava/lang/Object;[Ljava/lang/Object;)Ljava/lang/Object;+72 java.base@24.0.1
j  jdk.internal.reflect.DirectMethodHandleAccessor.invoke(Ljava/lang/Object;[Ljava/lang/Object;)Ljava/lang/Object;+23 java.base@24.0.1
j  java.lang.reflect.Method.invoke(Ljava/lang/Object;[Ljava/lang/Object;)Ljava/lang/Object;+102 java.base@24.0.1
j  org.codehaus.plexus.classworlds.launcher.Launcher.launchEnhanced([Ljava/lang/String;)V+45
j  org.codehaus.plexus.classworlds.launcher.Launcher.launch([Ljava/lang/String;)V+2
j  org.codehaus.plexus.classworlds.launcher.Launcher.mainWithExitCode([Ljava/lang/String;)I+108
j  org.codehaus.plexus.classworlds.launcher.Launcher.main([Ljava/lang/String;)V+1
v  ~StubRoutines::call_stub 0x000001a5ce570fcd

siginfo: EXCEPTION_ACCESS_VIOLATION (0xc0000005), reading address 0xffffffffffffffff


Registers:
RAX=0x010001a6204284b8, RBX=0x000001a5e0006280, RCX=0x000000000000009e, RDX=0x000000000000000f
RSP=0x00000091b94fe4b0, RBP=0x000001a5df4a63a0, RSI=0x000001a5de1c6398, RDI=0x000001a620428b08
R8 =0x0000000000000000, R9 =0x0000000000000001, R10=0x0000000000000007, R11=0x0000000000000001
R12=0x000001a5df4a63a0, R13=0x000001a62041c4d0, R14=0x000001a5de1c6398, R15=0x0000000000000001
RIP=0x00007ff9a40df24b, EFLAGS=0x0000000000010203

XMM[0]=0x0000000000000000 0x0000000000000000
XMM[1]=0x0000000000000000 0x0000001a00000078
XMM[2]=0x0000000000000000 0x0000000000000000
XMM[3]=0x0000000000000000 0x0000000000000000
XMM[4]=0x0000000000000000 0x0000000000000000
XMM[5]=0x000001a6200a1748 0x000001a6200a18d0
XMM[6]=0x2abcb1e9b28d4331 0xd9f4a92748ab63d2
XMM[7]=0x6acfd1ef3b2dfafe 0x7f4881effe8c88fb
XMM[8]=0x061c30efb1780098 0xf852d974fbd6b3fb
XMM[9]=0xa78dce99a78dce99 0xa78dce99f3d42b06
XMM[10]=0x0000000000000000 0x000000004c465c6d
XMM[11]=0xabec4e87abec4e87 0xabec4e879fc0798d
XMM[12]=0x0000000000000000 0x00000000f3d42b06
XMM[13]=0x0000000000000000 0x0000000000000000
XMM[14]=0x0000000000000000 0x0000000000000000
XMM[15]=0x0000000000000000 0x0000000000000000
  MXCSR=0x00001fa0


Register to memory mapping:

RAX=0x010001a6204284b8 is an unknown value
RBX=0x000001a5e0006280 is a pointer to class: 
org.apache.maven.shared.utils.logging.MessageUtils {0x000001a5e0006288}
 - instance size:     2
 - klass size:        67
 - access:            public synchronized 
 - flags:             rewritten should_verify_class has_localvariable_table 
 - state:             fully_initialized
 - name:              'org/apache/maven/shared/utils/logging/MessageUtils'
 - super:             'java/lang/Object'
 - sub:               
 - arrays:            null
 - methods:           Array<T>(0x000001a620428b08)
 - method ordering:   Array<T>(0x000001a5df6d5fe8)
 - local interfaces:  Array<T>(0x000001a5df65eda8)
 - trans. interfaces: Array<T>(0x000001a5df65eda8)
 - secondary supers: Array<T>(0x000001a5df65ed90)
 - hash_slot:         48
 - secondary bitmap: 0x0000000000000000
 - constants:         constant pool [174] {0x000001a6204284c0} for 'org/apache/maven/shared/utils/logging/MessageUtils' cache=0x000001a62042afb0
 - class loader data:  loader data: 0x000001a5de1beda0 for instance a 'org/codehaus/plexus/classworlds/realm/ClassRealm'{0x00000007144559c0}
 - source file:       'MessageUtils.java'
 - inner classes:     Array<T>(0x000001a620429828)
 - nest members:     Array<T>(0x000001a5df65eda0)
 - permitted subclasses:     Array<T>(0x000001a5df65eda0)
 - java mirror:       a 'java/lang/Class'{0x00000007140c9dd0} = 'org/apache/maven/shared/utils/logging/MessageUtils'
 - vtable length      5  (start addr: 0x000001a5e0006460)
 - itable length      2 (start addr: 0x000001a5e0006488)
 - ---- static fields (2 words):
 - private static final 'JANSI' 'Z' @120 
 - private static 'shutdownHook' 'Ljava/lang/Thread;' @112 
 - private static final 'STARTUP_SHUTDOWN_MONITOR' 'Ljava/lang/Object;' @116 
 - ---- non-static fields (0 words):
 - non-static oop maps: 
RCX=0x000000000000009e is an unknown value
RDX=0x000000000000000f is an unknown value
RSP=0x00000091b94fe4b0 is pointing into the stack for thread: 0x000001a5bc327ae0
RBP=0x000001a5df4a63a0 is pointing into metadata
RSI=0x000001a5de1c6398 points into unknown readable memory: 0x7973000d33640002 | 02 00 64 33 0d 00 73 79
RDI=0x000001a620428b08 is pointing into metadata
R8 =0x0 is null
R9 =0x0000000000000001 is an unknown value
R10=0x0000000000000007 is an unknown value
R11=0x0000000000000001 is an unknown value
R12=0x000001a5df4a63a0 is pointing into metadata
R13=0x000001a62041c4d0 is pointing into metadata
R14=0x000001a5de1c6398 points into unknown readable memory: 0x7973000d33640002 | 02 00 64 33 0d 00 73 79
R15=0x0000000000000001 is an unknown value

Top of Stack: (sp=0x00000091b94fe4b0)
0x00000091b94fe4b0:   0000000000000000 0000000200000000   ................
0x00000091b94fe4c0:   000001a6000003e8 000001a6204297b8   ..........B ....
0x00000091b94fe4d0:   0000000000000000 000001a5de1c6398   .........c......
0x00000091b94fe4e0:   000001a5df4a63a0 00007ff9a40e5e4e   .cJ.....N^......
0x00000091b94fe4f0:   000001a5e0006280 000001a5df4a63a0   .b.......cJ.....
0x00000091b94fe500:   0000000000000000 000001a620428b08   ..........B ....
0x00000091b94fe510:   0000000000000000 0000000200000000   ................
0x00000091b94fe520:   000001a5e0006280 00000091b94fe7f0   .b........O.....
0x00000091b94fe530:   000001a5de1c6398 00007ff9a430c11c   .c........0.....
0x00000091b94fe540:   0000000000000000 00000091b94fe640   ........@.O.....
0x00000091b94fe550:   000001a5bc327ae0 00007ff9a4522cbd   .z2......,R.....
0x00000091b94fe560:   0000000700000000 000001a5bc327ae0   .........z2.....
0x00000091b94fe570:   00000091b94fe5b0 000001a5e0006280   ..O......b......
0x00000091b94fe580:   000001a5e0006280 00007ff9a40e5743   .b......CW......
0x00000091b94fe590:   00000007140c9dd0 00000007140c9dd0   ................
0x00000091b94fe5a0:   000001a5bc327ae0 00000007140c9e50   .z2.....P.......
0x00000091b94fe5b0:   000001a5bc327ae0 000001a5bc314138   .z2.....8A1.....
0x00000091b94fe5c0:   000000d3c3501a97 0000000000000000   ..P.............
0x00000091b94fe5d0:   000001a5df166900 0000000000000000   .i..............
0x00000091b94fe5e0:   000001a5bc327ae0 00007ff9a40e0555   .z2.....U.......
0x00000091b94fe5f0:   000001a5e0006280 00000091b94fe6f0   .b........O.....
0x00000091b94fe600:   0000000000000000 0000000000000000   ................
0x00000091b94fe610:   000001a5bc315e00 000001a5bc314110   .^1......A1.....
0x00000091b94fe620:   000001a5bc314100 00007ff9a40e0b10   .A1.............
0x00000091b94fe630:   00000000000000d8 00000091b94fe750   ........P.O.....
0x00000091b94fe640:   000001a5bc327ae0 000001a5bc327ae0   .z2......z2.....
0x00000091b94fe650:   000001a5bc314130 00007ff9a445c850   0A1.....P.E.....
0x00000091b94fe660:   0000000000000000 00000007140c9d00   ................
0x00000091b94fe670:   0000431065f042a3 000001a5bc315e00   .B.e.C...^1.....
0x00000091b94fe680:   0000000000000001 00000091b94fe898   ..........O.....
0x00000091b94fe690:   000001a62041c4d0 0000000000000000   ..A ............
0x00000091b94fe6a0:   00000091b94fe980 000001a5bc327ae0   ..O......z2.....

Instructions: (pc=0x00007ff9a40df24b)
  0x00007ff9a40df14b:   ff ff 44 8d 40 ff 45 3b c8 7e ca 48 8b 5c 24 30
  0x00007ff9a40df15b:   b8 ff ff ff ff 48 8b 74 24 38 48 83 c4 20 5f c3
  0x00007ff9a40df16b:   cc cc cc cc cc 48 89 5c 24 08 48 89 6c 24 10 48
  0x00007ff9a40df17b:   89 74 24 18 48 89 7c 24 20 41 54 41 56 41 57 48
  0x00007ff9a40df18b:   83 ec 20 80 3d 7b 90 89 00 00 45 8b f9 4d 8b e0
  0x00007ff9a40df19b:   48 8b f2 48 8b f9 74 7a e8 28 1b 00 00 44 8b d0
  0x00007ff9a40df1ab:   41 83 fa ff 0f 84 b2 00 00 00 8b 6c 24 68 44 8b
  0x00007ff9a40df1bb:   74 24 60 49 63 c2 4c 8b 44 c7 08 49 8b 50 08 0f
  0x00007ff9a40df1cb:   b7 4a 26 48 8b 42 08 4c 39 64 c8 48 0f 85 ae 00
  0x00007ff9a40df1db:   00 00 41 83 ff 01 75 0f 8b 42 1c c1 e8 06 41 84
  0x00007ff9a40df1eb:   c7 0f 85 99 00 00 00 41 83 fe 01 75 10 41 8b 40
  0x00007ff9a40df1fb:   28 c1 e8 03 41 84 c6 0f 85 83 00 00 00 83 fd 01
  0x00007ff9a40df20b:   75 0b 41 8b 40 28 d1 e8 40 84 c5 75 73 41 8b c2
  0x00007ff9a40df21b:   eb 4f 8b 11 45 33 c0 83 ea 01 78 40 66 0f 1f 84
  0x00007ff9a40df22b:   00 00 00 00 00 46 8d 14 02 41 d1 fa 49 63 c2 48
  0x00007ff9a40df23b:   8b 4c c7 08 48 8b 41 08 0f b7 48 24 48 8b 40 08
=>0x00007ff9a40df24b:   48 39 74 c8 48 73 06 45 8d 42 01 eb 0a 0f 84 4d
  0x00007ff9a40df25b:   ff ff ff 41 8d 52 ff 44 3b c2 7e c9 b8 ff ff ff
  0x00007ff9a40df26b:   ff 48 8b 5c 24 40 48 8b 6c 24 48 48 8b 74 24 50
  0x00007ff9a40df27b:   48 8b 7c 24 58 48 83 c4 20 41 5f 41 5e 41 5c c3
  0x00007ff9a40df28b:   41 8d 5a ff 48 63 d3 85 db 78 72 4c 8d 5f 08 4d
  0x00007ff9a40df29b:   8d 1c d3 66 90 4d 8b 0b 49 8b 49 08 4c 8b 41 08
  0x00007ff9a40df2ab:   0f b7 41 24 49 39 74 c0 48 75 52 0f b7 41 26 4d
  0x00007ff9a40df2bb:   39 64 c0 48 75 3b 41 83 ff 01 75 0b 8b 41 1c c1
  0x00007ff9a40df2cb:   e8 06 41 84 c7 75 2a 41 83 fe 01 75 0c 41 8b 41
  0x00007ff9a40df2db:   28 c1 e8 03 41 84 c6 75 18 83 fd 01 0f 85 af 00
  0x00007ff9a40df2eb:   00 00 41 8b 41 28 d1 e8 40 84 c5 0f 84 a0 00 00
  0x00007ff9a40df2fb:   00 ff cb 49 83 eb 08 48 83 ea 01 79 98 48 63 1f
  0x00007ff9a40df30b:   45 8d 5a 01 49 63 d3 48 3b d3 0f 8d 4c ff ff ff
  0x00007ff9a40df31b:   4c 8d 57 08 4d 8d 14 d2 0f 1f 40 00 66 0f 1f 84
  0x00007ff9a40df32b:   00 00 00 00 00 4d 8b 0a 49 8b 49 08 4c 8b 41 08
  0x00007ff9a40df33b:   0f b7 41 24 49 39 74 c0 48 0f 85 1d ff ff ff 0f


Stack slot to memory mapping:

stack at sp + 0 slots: 0x0 is null
stack at sp + 1 slots: 0x0000000200000000 is an unknown value
stack at sp + 2 slots: 0x000001a6000003e8 is pointing into metadata
stack at sp + 3 slots: {method} {0x000001a6204297c0} '<clinit>' '()V' in 'org/apache/maven/shared/utils/logging/MessageUtils'
stack at sp + 4 slots: 0x0 is null
stack at sp + 5 slots: 0x000001a5de1c6398 points into unknown readable memory: 0x7973000d33640002 | 02 00 64 33 0d 00 73 79
stack at sp + 6 slots: 0x000001a5df4a63a0 is pointing into metadata
stack at sp + 7 slots: 0x00007ff9a40e5e4e jvm.dll

Lock stack of current Java thread (top to bottom):

invokestatic  184 invokestatic  [0x000001a5ce589080, 0x000001a5ce589360]  736 bytes
[MachCode]
  0x000001a5ce589080: 4883 ec08 | c5fa 1104 | 24eb 1f48 | 83ec 10c5 | fb11 0424 | eb14 4883 | ec10 4889 | 0424 48c7 
  0x000001a5ce5890a0: 4424 0800 | 0000 00eb | 0150 488b | 4dd0 410f | b755 0148 | 8b49 386b | d218 488d | 4c11 080f 
  0x000001a5ce5890c0: b659 1681 | fbb8 0000 | 000f 84bd | 0000 00bb | b800 0000 | e805 0000 | 00e9 9900 | 0000 488b 
  0x000001a5ce5890e0: d348 8d44 | 2408 4c89 | 6dc0 498b | cfc5 f877 | 4989 afb8 | 0300 0049 | 8987 a803 | 0000 4883 
  0x000001a5ce589100: ec20 40f6 | c40f 0f84 | 1900 0000 | 4883 ec08 | 48b8 105e | 0fa4 f97f | 0000 ffd0 | 4883 c408 
  0x000001a5ce589120: e90c 0000 | 0048 b810 | 5e0f a4f9 | 7f00 00ff | d048 83c4 | 2049 c787 | a803 0000 | 0000 0000 
  0x000001a5ce589140: 49c7 87b8 | 0300 0000 | 0000 0049 | c787 b003 | 0000 0000 | 0000 c5f8 | 7749 837f | 0800 0f84 
  0x000001a5ce589160: 0500 0000 | e957 7dfe | ff4c 8b6d | c04c 8b75 | c84e 8d74 | f500 c348 | 8b4d d041 | 0fb7 5501 
  0x000001a5ce589180: 488b 4938 | 6bd2 1848 | 8d4c 1108 | 488b 1948 | 8b5b 0848 | 8b5b 0848 | 8b5b 1880 | bb40 0100 
  0x000001a5ce5891a0: 0004 0f84 | 0d00 0000 | 4c3b bb48 | 0100 000f | 851a ffff | ff0f b651 | 1548 8b19 | 4c89 6dc0 
  0x000001a5ce5891c0: 448b ea0f | b651 1449 | ba40 489b | a4f9 7f00 | 0049 8b14 | d252 418b | d54c 8b6d | c048 8b45 
  0x000001a5ce5891e0: d848 85c0 | 0f84 1200 | 0000 4883 | 4008 0148 | 8358 0800 | 4883 c010 | 4889 45d8 | 488b 45d8 
  0x000001a5ce589200: 4885 c00f | 843d 0100 | 0080 78f0 | 0a0f 8533 | 0100 0048 | 83c0 084c | 8b68 f841 | 83ed 0041 
  0x000001a5ce589220: 83fd 020f | 8c12 0100 | 004c 8b6b | 0845 0fb7 | 6d2e 4c2b | 2841 83ed | 014e 8b6c | ec08 4d85 
  0x000001a5ce589240: ed75 0ef6 | 4008 0175 | 58f0 4883 | 4808 01eb | 5045 8b6d | 0849 ba00 | 0000 dfa5 | 0100 004d 
  0x000001a5ce589260: 03ea 4d8b | d54c 3368 | 0849 f7c5 | fcff ffff | 742f 41f6 | c502 7529 | 4883 7808 | 0074 1e48 
  0x000001a5ce589280: 8378 0801 | 7417 4d8b | ea4c 3368 | 0849 f7c5 | fcff ffff | 740b 4883 | 4808 02eb | 044c 8968 
  0x000001a5ce5892a0: 0848 83c0 | 104c 8b68 | e841 83ed | 0241 83fd | 020f 8c84 | 0000 004c | 8b6b 0845 | 0fb7 6d2e 
  0x000001a5ce5892c0: 4c2b 2841 | 83ed 014e | 8b6c ec08 | 4d85 ed75 | 0ef6 4008 | 0175 58f0 | 4883 4808 | 01eb 5045 
  0x000001a5ce5892e0: 8b6d 0849 | ba00 0000 | dfa5 0100 | 004d 03ea | 4d8b d54c | 3368 0849 | f7c5 fcff | ffff 742f 
  0x000001a5ce589300: 41f6 c502 | 7529 4883 | 7808 0074 | 1e48 8378 | 0801 7417 | 4d8b ea4c | 3368 0849 | f7c5 fcff 
  0x000001a5ce589320: ffff 740b | 4883 4808 | 02eb 044c | 8968 0848 | 83c0 104c | 8b68 d841 | 83ed 0441 | c1e5 0349 
  0x000001a5ce589340: 03c5 4889 | 45d8 4c8d | 6c24 0849 | 8bcd 482b | cd48 c1f9 | 0348 894d | f0ff 6350 | 0f1f 4000 
[/MachCode]

---------------  P R O C E S S  ---------------

Threads class SMR info:
_java_thread_list=0x000001a5de1c5e20, length=12, elements={
0x000001a5bc327ae0, 0x000001a5de0ef890, 0x000001a5de0effd0, 0x000001a5de0f5020,
0x000001a5de0f5b50, 0x000001a5de0f8690, 0x000001a5de0f91c0, 0x000001a5de0fa020,
0x000001a5de0faba0, 0x000001a5de15eca0, 0x000001a5de1a2410, 0x000001a5de3384a0
}

Java Threads: ( => current thread )
=>0x000001a5bc327ae0 JavaThread "main"                              [_thread_in_vm, id=10004, stack(0x00000091b9400000,0x00000091b9500000) (1024K)]
  0x000001a5de0ef890 JavaThread "Reference Handler"          daemon [_thread_blocked, id=15344, stack(0x00000091b9c00000,0x00000091b9d00000) (1024K)]
  0x000001a5de0effd0 JavaThread "Finalizer"                  daemon [_thread_blocked, id=22300, stack(0x00000091b9d00000,0x00000091b9e00000) (1024K)]
  0x000001a5de0f5020 JavaThread "Signal Dispatcher"          daemon [_thread_blocked, id=23080, stack(0x00000091b9e00000,0x00000091b9f00000) (1024K)]
  0x000001a5de0f5b50 JavaThread "Attach Listener"            daemon [_thread_blocked, id=8376, stack(0x00000091b9f00000,0x00000091ba000000) (1024K)]
  0x000001a5de0f8690 JavaThread "Service Thread"             daemon [_thread_blocked, id=4652, stack(0x00000091ba000000,0x00000091ba100000) (1024K)]
  0x000001a5de0f91c0 JavaThread "Monitor Deflation Thread"   daemon [_thread_blocked, id=1076, stack(0x00000091ba100000,0x00000091ba200000) (1024K)]
  0x000001a5de0fa020 JavaThread "C2 CompilerThread0"         daemon [_thread_blocked, id=17048, stack(0x00000091ba200000,0x00000091ba300000) (1024K)]
  0x000001a5de0faba0 JavaThread "C1 CompilerThread0"         daemon [_thread_blocked, id=20692, stack(0x00000091ba300000,0x00000091ba400000) (1024K)]
  0x000001a5de15eca0 JavaThread "Notification Thread"        daemon [_thread_blocked, id=23136, stack(0x00000091ba400000,0x00000091ba500000) (1024K)]
  0x000001a5de1a2410 JavaThread "Common-Cleaner"             daemon [_thread_blocked, id=17984, stack(0x00000091ba500000,0x00000091ba600000) (1024K)]
  0x000001a5de3384a0 JavaThread "C2 CompilerThread1"         daemon [_thread_blocked, id=21852, stack(0x00000091ba600000,0x00000091ba700000) (1024K)]
Total: 12

Other Threads:
  0x000001a5dddaea40 VMThread "VM Thread"                           [id=8596, stack(0x00000091b9b00000,0x00000091b9c00000) (1024K)]
  0x000001a5ddc5e9c0 WatcherThread "VM Periodic Task Thread"        [id=20928, stack(0x00000091b9a00000,0x00000091b9b00000) (1024K)]
  0x000001a5be805b90 WorkerThread "GC Thread#0"                     [id=19416, stack(0x00000091b9500000,0x00000091b9600000) (1024K)]
  0x000001a5be81a510 ConcurrentGCThread "G1 Main Marker"            [id=5900, stack(0x00000091b9600000,0x00000091b9700000) (1024K)]
  0x000001a5be81af30 WorkerThread "G1 Conc#0"                       [id=21204, stack(0x00000091b9700000,0x00000091b9800000) (1024K)]
  0x000001a5be85e680 ConcurrentGCThread "G1 Refine#0"               [id=8972, stack(0x00000091b9800000,0x00000091b9900000) (1024K)]
  0x000001a5ddc46bd0 ConcurrentGCThread "G1 Service"                [id=18376, stack(0x00000091b9900000,0x00000091b9a00000) (1024K)]
Total: 7

Threads with active compile tasks:
Total: 0

VM state: not at safepoint (normal execution)

VM Mutex/Monitor currently owned by a thread: None

Heap address: 0x0000000704a00000, size: 4022 MB, Compressed Oops mode: Zero based, Oop shift amount: 3

CDS archive(s) mapped at: [0x000001a5df000000-0x000001a5dfd40000-0x000001a5dfd40000), size 13893632, SharedBaseAddress: 0x000001a5df000000, ArchiveRelocationMode: 1.
Compressed class space mapped at: 0x000001a5e0000000-0x000001a620000000, reserved size: 1073741824
UseCompressedClassPointers 1, UseCompactObjectHeaders 0
Narrow klass pointer bits 32, Max shift 3
Narrow klass base: 0x000001a5df000000, Narrow klass shift: 0
Encoding Range: [0x000001a5df000000 - 0x000001a6df000000), (4294967296 bytes)
Klass Range:    [0x000001a5df000000 - 0x000001a620000000), (1090519040 bytes)
Klass ID Range:  [8 - 1090519033) (1090519025)

GC Precious Log:
 CardTable entry size: 512
 Card Set container configuration: InlinePtr #cards 4 size 8 Array Of Cards #cards 16 size 48 Howl #buckets 8 coarsen threshold 3686 Howl Bitmap #cards 512 size 80 coarsen threshold 460 Card regions per heap region 1 cards per card region 4096
 CPUs: 12 total, 12 available
 Memory: 16087M
 Large Page Support: Disabled
 NUMA Support: Disabled
 Compressed Oops: Enabled (Zero based)
 Heap Region Size: 2M
 Heap Min Capacity: 8M
 Heap Initial Capacity: 252M
 Heap Max Capacity: 4022M
 Pre-touch: Disabled
 Parallel Workers: 10
 Concurrent Workers: 3
 Concurrent Refinement Workers: 10
 Periodic GC: Disabled

Heap:
 garbage-first heap   total reserved 4118528K, committed 260096K, used 5236K [0x0000000704a00000, 0x0000000800000000)
  region size 2048K, 3 young (6144K), 0 survivors (0K)
 Metaspace       used 971K, committed 1088K, reserved 1114112K
  class space    used 56K, committed 128K, reserved 1048576K

Heap Regions: E=young(eden), S=young(survivor), O=old, HS=humongous(starts), HC=humongous(continues), CS=collection set, F=free, TAMS=top-at-mark-start, PB=parsable bottom
|   0|0x0000000704a00000, 0x0000000704a00000, 0x0000000704c00000|  0%| F|  |TAMS 0x0000000704a00000| PB 0x0000000704a00000| Untracked |  0
|   1|0x0000000704c00000, 0x0000000704c00000, 0x0000000704e00000|  0%| F|  |TAMS 0x0000000704c00000| PB 0x0000000704c00000| Untracked |  0
|   2|0x0000000704e00000, 0x0000000704e00000, 0x0000000705000000|  0%| F|  |TAMS 0x0000000704e00000| PB 0x0000000704e00000| Untracked |  0
|   3|0x0000000705000000, 0x0000000705000000, 0x0000000705200000|  0%| F|  |TAMS 0x0000000705000000| PB 0x0000000705000000| Untracked |  0
|   4|0x0000000705200000, 0x0000000705200000, 0x0000000705400000|  0%| F|  |TAMS 0x0000000705200000| PB 0x0000000705200000| Untracked |  0
|   5|0x0000000705400000, 0x0000000705400000, 0x0000000705600000|  0%| F|  |TAMS 0x0000000705400000| PB 0x0000000705400000| Untracked |  0
|   6|0x0000000705600000, 0x0000000705600000, 0x0000000705800000|  0%| F|  |TAMS 0x0000000705600000| PB 0x0000000705600000| Untracked |  0
|   7|0x0000000705800000, 0x0000000705800000, 0x0000000705a00000|  0%| F|  |TAMS 0x0000000705800000| PB 0x0000000705800000| Untracked |  0
|   8|0x0000000705a00000, 0x0000000705a00000, 0x0000000705c00000|  0%| F|  |TAMS 0x0000000705a00000| PB 0x0000000705a00000| Untracked |  0
|   9|0x0000000705c00000, 0x0000000705c00000, 0x0000000705e00000|  0%| F|  |TAMS 0x0000000705c00000| PB 0x0000000705c00000| Untracked |  0
|  10|0x0000000705e00000, 0x0000000705e00000, 0x0000000706000000|  0%| F|  |TAMS 0x0000000705e00000| PB 0x0000000705e00000| Untracked |  0
|  11|0x0000000706000000, 0x0000000706000000, 0x0000000706200000|  0%| F|  |TAMS 0x0000000706000000| PB 0x0000000706000000| Untracked |  0
|  12|0x0000000706200000, 0x0000000706200000, 0x0000000706400000|  0%| F|  |TAMS 0x0000000706200000| PB 0x0000000706200000| Untracked |  0
|  13|0x0000000706400000, 0x0000000706400000, 0x0000000706600000|  0%| F|  |TAMS 0x0000000706400000| PB 0x0000000706400000| Untracked |  0
|  14|0x0000000706600000, 0x0000000706600000, 0x0000000706800000|  0%| F|  |TAMS 0x0000000706600000| PB 0x0000000706600000| Untracked |  0
|  15|0x0000000706800000, 0x0000000706800000, 0x0000000706a00000|  0%| F|  |TAMS 0x0000000706800000| PB 0x0000000706800000| Untracked |  0
|  16|0x0000000706a00000, 0x0000000706a00000, 0x0000000706c00000|  0%| F|  |TAMS 0x0000000706a00000| PB 0x0000000706a00000| Untracked |  0
|  17|0x0000000706c00000, 0x0000000706c00000, 0x0000000706e00000|  0%| F|  |TAMS 0x0000000706c00000| PB 0x0000000706c00000| Untracked |  0
|  18|0x0000000706e00000, 0x0000000706e00000, 0x0000000707000000|  0%| F|  |TAMS 0x0000000706e00000| PB 0x0000000706e00000| Untracked |  0
|  19|0x0000000707000000, 0x0000000707000000, 0x0000000707200000|  0%| F|  |TAMS 0x0000000707000000| PB 0x0000000707000000| Untracked |  0
|  20|0x0000000707200000, 0x0000000707200000, 0x0000000707400000|  0%| F|  |TAMS 0x0000000707200000| PB 0x0000000707200000| Untracked |  0
|  21|0x0000000707400000, 0x0000000707400000, 0x0000000707600000|  0%| F|  |TAMS 0x0000000707400000| PB 0x0000000707400000| Untracked |  0
|  22|0x0000000707600000, 0x0000000707600000, 0x0000000707800000|  0%| F|  |TAMS 0x0000000707600000| PB 0x0000000707600000| Untracked |  0
|  23|0x0000000707800000, 0x0000000707800000, 0x0000000707a00000|  0%| F|  |TAMS 0x0000000707800000| PB 0x0000000707800000| Untracked |  0
|  24|0x0000000707a00000, 0x0000000707a00000, 0x0000000707c00000|  0%| F|  |TAMS 0x0000000707a00000| PB 0x0000000707a00000| Untracked |  0
|  25|0x0000000707c00000, 0x0000000707c00000, 0x0000000707e00000|  0%| F|  |TAMS 0x0000000707c00000| PB 0x0000000707c00000| Untracked |  0
|  26|0x0000000707e00000, 0x0000000707e00000, 0x0000000708000000|  0%| F|  |TAMS 0x0000000707e00000| PB 0x0000000707e00000| Untracked |  0
|  27|0x0000000708000000, 0x0000000708000000, 0x0000000708200000|  0%| F|  |TAMS 0x0000000708000000| PB 0x0000000708000000| Untracked |  0
|  28|0x0000000708200000, 0x0000000708200000, 0x0000000708400000|  0%| F|  |TAMS 0x0000000708200000| PB 0x0000000708200000| Untracked |  0
|  29|0x0000000708400000, 0x0000000708400000, 0x0000000708600000|  0%| F|  |TAMS 0x0000000708400000| PB 0x0000000708400000| Untracked |  0
|  30|0x0000000708600000, 0x0000000708600000, 0x0000000708800000|  0%| F|  |TAMS 0x0000000708600000| PB 0x0000000708600000| Untracked |  0
|  31|0x0000000708800000, 0x0000000708800000, 0x0000000708a00000|  0%| F|  |TAMS 0x0000000708800000| PB 0x0000000708800000| Untracked |  0
|  32|0x0000000708a00000, 0x0000000708a00000, 0x0000000708c00000|  0%| F|  |TAMS 0x0000000708a00000| PB 0x0000000708a00000| Untracked |  0
|  33|0x0000000708c00000, 0x0000000708c00000, 0x0000000708e00000|  0%| F|  |TAMS 0x0000000708c00000| PB 0x0000000708c00000| Untracked |  0
|  34|0x0000000708e00000, 0x0000000708e00000, 0x0000000709000000|  0%| F|  |TAMS 0x0000000708e00000| PB 0x0000000708e00000| Untracked |  0
|  35|0x0000000709000000, 0x0000000709000000, 0x0000000709200000|  0%| F|  |TAMS 0x0000000709000000| PB 0x0000000709000000| Untracked |  0
|  36|0x0000000709200000, 0x0000000709200000, 0x0000000709400000|  0%| F|  |TAMS 0x0000000709200000| PB 0x0000000709200000| Untracked |  0
|  37|0x0000000709400000, 0x0000000709400000, 0x0000000709600000|  0%| F|  |TAMS 0x0000000709400000| PB 0x0000000709400000| Untracked |  0
|  38|0x0000000709600000, 0x0000000709600000, 0x0000000709800000|  0%| F|  |TAMS 0x0000000709600000| PB 0x0000000709600000| Untracked |  0
|  39|0x0000000709800000, 0x0000000709800000, 0x0000000709a00000|  0%| F|  |TAMS 0x0000000709800000| PB 0x0000000709800000| Untracked |  0
|  40|0x0000000709a00000, 0x0000000709a00000, 0x0000000709c00000|  0%| F|  |TAMS 0x0000000709a00000| PB 0x0000000709a00000| Untracked |  0
|  41|0x0000000709c00000, 0x0000000709c00000, 0x0000000709e00000|  0%| F|  |TAMS 0x0000000709c00000| PB 0x0000000709c00000| Untracked |  0
|  42|0x0000000709e00000, 0x0000000709e00000, 0x000000070a000000|  0%| F|  |TAMS 0x0000000709e00000| PB 0x0000000709e00000| Untracked |  0
|  43|0x000000070a000000, 0x000000070a000000, 0x000000070a200000|  0%| F|  |TAMS 0x000000070a000000| PB 0x000000070a000000| Untracked |  0
|  44|0x000000070a200000, 0x000000070a200000, 0x000000070a400000|  0%| F|  |TAMS 0x000000070a200000| PB 0x000000070a200000| Untracked |  0
|  45|0x000000070a400000, 0x000000070a400000, 0x000000070a600000|  0%| F|  |TAMS 0x000000070a400000| PB 0x000000070a400000| Untracked |  0
|  46|0x000000070a600000, 0x000000070a600000, 0x000000070a800000|  0%| F|  |TAMS 0x000000070a600000| PB 0x000000070a600000| Untracked |  0
|  47|0x000000070a800000, 0x000000070a800000, 0x000000070aa00000|  0%| F|  |TAMS 0x000000070a800000| PB 0x000000070a800000| Untracked |  0
|  48|0x000000070aa00000, 0x000000070aa00000, 0x000000070ac00000|  0%| F|  |TAMS 0x000000070aa00000| PB 0x000000070aa00000| Untracked |  0
|  49|0x000000070ac00000, 0x000000070ac00000, 0x000000070ae00000|  0%| F|  |TAMS 0x000000070ac00000| PB 0x000000070ac00000| Untracked |  0
|  50|0x000000070ae00000, 0x000000070ae00000, 0x000000070b000000|  0%| F|  |TAMS 0x000000070ae00000| PB 0x000000070ae00000| Untracked |  0
|  51|0x000000070b000000, 0x000000070b000000, 0x000000070b200000|  0%| F|  |TAMS 0x000000070b000000| PB 0x000000070b000000| Untracked |  0
|  52|0x000000070b200000, 0x000000070b200000, 0x000000070b400000|  0%| F|  |TAMS 0x000000070b200000| PB 0x000000070b200000| Untracked |  0
|  53|0x000000070b400000, 0x000000070b400000, 0x000000070b600000|  0%| F|  |TAMS 0x000000070b400000| PB 0x000000070b400000| Untracked |  0
|  54|0x000000070b600000, 0x000000070b600000, 0x000000070b800000|  0%| F|  |TAMS 0x000000070b600000| PB 0x000000070b600000| Untracked |  0
|  55|0x000000070b800000, 0x000000070b800000, 0x000000070ba00000|  0%| F|  |TAMS 0x000000070b800000| PB 0x000000070b800000| Untracked |  0
|  56|0x000000070ba00000, 0x000000070ba00000, 0x000000070bc00000|  0%| F|  |TAMS 0x000000070ba00000| PB 0x000000070ba00000| Untracked |  0
|  57|0x000000070bc00000, 0x000000070bc00000, 0x000000070be00000|  0%| F|  |TAMS 0x000000070bc00000| PB 0x000000070bc00000| Untracked |  0
|  58|0x000000070be00000, 0x000000070be00000, 0x000000070c000000|  0%| F|  |TAMS 0x000000070be00000| PB 0x000000070be00000| Untracked |  0
|  59|0x000000070c000000, 0x000000070c000000, 0x000000070c200000|  0%| F|  |TAMS 0x000000070c000000| PB 0x000000070c000000| Untracked |  0
|  60|0x000000070c200000, 0x000000070c200000, 0x000000070c400000|  0%| F|  |TAMS 0x000000070c200000| PB 0x000000070c200000| Untracked |  0
|  61|0x000000070c400000, 0x000000070c400000, 0x000000070c600000|  0%| F|  |TAMS 0x000000070c400000| PB 0x000000070c400000| Untracked |  0
|  62|0x000000070c600000, 0x000000070c600000, 0x000000070c800000|  0%| F|  |TAMS 0x000000070c600000| PB 0x000000070c600000| Untracked |  0
|  63|0x000000070c800000, 0x000000070c800000, 0x000000070ca00000|  0%| F|  |TAMS 0x000000070c800000| PB 0x000000070c800000| Untracked |  0
|  64|0x000000070ca00000, 0x000000070ca00000, 0x000000070cc00000|  0%| F|  |TAMS 0x000000070ca00000| PB 0x000000070ca00000| Untracked |  0
|  65|0x000000070cc00000, 0x000000070cc00000, 0x000000070ce00000|  0%| F|  |TAMS 0x000000070cc00000| PB 0x000000070cc00000| Untracked |  0
|  66|0x000000070ce00000, 0x000000070ce00000, 0x000000070d000000|  0%| F|  |TAMS 0x000000070ce00000| PB 0x000000070ce00000| Untracked |  0
|  67|0x000000070d000000, 0x000000070d000000, 0x000000070d200000|  0%| F|  |TAMS 0x000000070d000000| PB 0x000000070d000000| Untracked |  0
|  68|0x000000070d200000, 0x000000070d200000, 0x000000070d400000|  0%| F|  |TAMS 0x000000070d200000| PB 0x000000070d200000| Untracked |  0
|  69|0x000000070d400000, 0x000000070d400000, 0x000000070d600000|  0%| F|  |TAMS 0x000000070d400000| PB 0x000000070d400000| Untracked |  0
|  70|0x000000070d600000, 0x000000070d600000, 0x000000070d800000|  0%| F|  |TAMS 0x000000070d600000| PB 0x000000070d600000| Untracked |  0
|  71|0x000000070d800000, 0x000000070d800000, 0x000000070da00000|  0%| F|  |TAMS 0x000000070d800000| PB 0x000000070d800000| Untracked |  0
|  72|0x000000070da00000, 0x000000070da00000, 0x000000070dc00000|  0%| F|  |TAMS 0x000000070da00000| PB 0x000000070da00000| Untracked |  0
|  73|0x000000070dc00000, 0x000000070dc00000, 0x000000070de00000|  0%| F|  |TAMS 0x000000070dc00000| PB 0x000000070dc00000| Untracked |  0
|  74|0x000000070de00000, 0x000000070de00000, 0x000000070e000000|  0%| F|  |TAMS 0x000000070de00000| PB 0x000000070de00000| Untracked |  0
|  75|0x000000070e000000, 0x000000070e000000, 0x000000070e200000|  0%| F|  |TAMS 0x000000070e000000| PB 0x000000070e000000| Untracked |  0
|  76|0x000000070e200000, 0x000000070e200000, 0x000000070e400000|  0%| F|  |TAMS 0x000000070e200000| PB 0x000000070e200000| Untracked |  0
|  77|0x000000070e400000, 0x000000070e400000, 0x000000070e600000|  0%| F|  |TAMS 0x000000070e400000| PB 0x000000070e400000| Untracked |  0
|  78|0x000000070e600000, 0x000000070e600000, 0x000000070e800000|  0%| F|  |TAMS 0x000000070e600000| PB 0x000000070e600000| Untracked |  0
|  79|0x000000070e800000, 0x000000070e800000, 0x000000070ea00000|  0%| F|  |TAMS 0x000000070e800000| PB 0x000000070e800000| Untracked |  0
|  80|0x000000070ea00000, 0x000000070ea00000, 0x000000070ec00000|  0%| F|  |TAMS 0x000000070ea00000| PB 0x000000070ea00000| Untracked |  0
|  81|0x000000070ec00000, 0x000000070ec00000, 0x000000070ee00000|  0%| F|  |TAMS 0x000000070ec00000| PB 0x000000070ec00000| Untracked |  0
|  82|0x000000070ee00000, 0x000000070ee00000, 0x000000070f000000|  0%| F|  |TAMS 0x000000070ee00000| PB 0x000000070ee00000| Untracked |  0
|  83|0x000000070f000000, 0x000000070f000000, 0x000000070f200000|  0%| F|  |TAMS 0x000000070f000000| PB 0x000000070f000000| Untracked |  0
|  84|0x000000070f200000, 0x000000070f200000, 0x000000070f400000|  0%| F|  |TAMS 0x000000070f200000| PB 0x000000070f200000| Untracked |  0
|  85|0x000000070f400000, 0x000000070f400000, 0x000000070f600000|  0%| F|  |TAMS 0x000000070f400000| PB 0x000000070f400000| Untracked |  0
|  86|0x000000070f600000, 0x000000070f600000, 0x000000070f800000|  0%| F|  |TAMS 0x000000070f600000| PB 0x000000070f600000| Untracked |  0
|  87|0x000000070f800000, 0x000000070f800000, 0x000000070fa00000|  0%| F|  |TAMS 0x000000070f800000| PB 0x000000070f800000| Untracked |  0
|  88|0x000000070fa00000, 0x000000070fa00000, 0x000000070fc00000|  0%| F|  |TAMS 0x000000070fa00000| PB 0x000000070fa00000| Untracked |  0
|  89|0x000000070fc00000, 0x000000070fc00000, 0x000000070fe00000|  0%| F|  |TAMS 0x000000070fc00000| PB 0x000000070fc00000| Untracked |  0
|  90|0x000000070fe00000, 0x000000070fe00000, 0x0000000710000000|  0%| F|  |TAMS 0x000000070fe00000| PB 0x000000070fe00000| Untracked |  0
|  91|0x0000000710000000, 0x0000000710000000, 0x0000000710200000|  0%| F|  |TAMS 0x0000000710000000| PB 0x0000000710000000| Untracked |  0
|  92|0x0000000710200000, 0x0000000710200000, 0x0000000710400000|  0%| F|  |TAMS 0x0000000710200000| PB 0x0000000710200000| Untracked |  0
|  93|0x0000000710400000, 0x0000000710400000, 0x0000000710600000|  0%| F|  |TAMS 0x0000000710400000| PB 0x0000000710400000| Untracked |  0
|  94|0x0000000710600000, 0x0000000710600000, 0x0000000710800000|  0%| F|  |TAMS 0x0000000710600000| PB 0x0000000710600000| Untracked |  0
|  95|0x0000000710800000, 0x0000000710800000, 0x0000000710a00000|  0%| F|  |TAMS 0x0000000710800000| PB 0x0000000710800000| Untracked |  0
|  96|0x0000000710a00000, 0x0000000710a00000, 0x0000000710c00000|  0%| F|  |TAMS 0x0000000710a00000| PB 0x0000000710a00000| Untracked |  0
|  97|0x0000000710c00000, 0x0000000710c00000, 0x0000000710e00000|  0%| F|  |TAMS 0x0000000710c00000| PB 0x0000000710c00000| Untracked |  0
|  98|0x0000000710e00000, 0x0000000710e00000, 0x0000000711000000|  0%| F|  |TAMS 0x0000000710e00000| PB 0x0000000710e00000| Untracked |  0
|  99|0x0000000711000000, 0x0000000711000000, 0x0000000711200000|  0%| F|  |TAMS 0x0000000711000000| PB 0x0000000711000000| Untracked |  0
| 100|0x0000000711200000, 0x0000000711200000, 0x0000000711400000|  0%| F|  |TAMS 0x0000000711200000| PB 0x0000000711200000| Untracked |  0
| 101|0x0000000711400000, 0x0000000711400000, 0x0000000711600000|  0%| F|  |TAMS 0x0000000711400000| PB 0x0000000711400000| Untracked |  0
| 102|0x0000000711600000, 0x0000000711600000, 0x0000000711800000|  0%| F|  |TAMS 0x0000000711600000| PB 0x0000000711600000| Untracked |  0
| 103|0x0000000711800000, 0x0000000711800000, 0x0000000711a00000|  0%| F|  |TAMS 0x0000000711800000| PB 0x0000000711800000| Untracked |  0
| 104|0x0000000711a00000, 0x0000000711a00000, 0x0000000711c00000|  0%| F|  |TAMS 0x0000000711a00000| PB 0x0000000711a00000| Untracked |  0
| 105|0x0000000711c00000, 0x0000000711c00000, 0x0000000711e00000|  0%| F|  |TAMS 0x0000000711c00000| PB 0x0000000711c00000| Untracked |  0
| 106|0x0000000711e00000, 0x0000000711e00000, 0x0000000712000000|  0%| F|  |TAMS 0x0000000711e00000| PB 0x0000000711e00000| Untracked |  0
| 107|0x0000000712000000, 0x0000000712000000, 0x0000000712200000|  0%| F|  |TAMS 0x0000000712000000| PB 0x0000000712000000| Untracked |  0
| 108|0x0000000712200000, 0x0000000712200000, 0x0000000712400000|  0%| F|  |TAMS 0x0000000712200000| PB 0x0000000712200000| Untracked |  0
| 109|0x0000000712400000, 0x0000000712400000, 0x0000000712600000|  0%| F|  |TAMS 0x0000000712400000| PB 0x0000000712400000| Untracked |  0
| 110|0x0000000712600000, 0x0000000712600000, 0x0000000712800000|  0%| F|  |TAMS 0x0000000712600000| PB 0x0000000712600000| Untracked |  0
| 111|0x0000000712800000, 0x0000000712800000, 0x0000000712a00000|  0%| F|  |TAMS 0x0000000712800000| PB 0x0000000712800000| Untracked |  0
| 112|0x0000000712a00000, 0x0000000712a00000, 0x0000000712c00000|  0%| F|  |TAMS 0x0000000712a00000| PB 0x0000000712a00000| Untracked |  0
| 113|0x0000000712c00000, 0x0000000712c00000, 0x0000000712e00000|  0%| F|  |TAMS 0x0000000712c00000| PB 0x0000000712c00000| Untracked |  0
| 114|0x0000000712e00000, 0x0000000712e00000, 0x0000000713000000|  0%| F|  |TAMS 0x0000000712e00000| PB 0x0000000712e00000| Untracked |  0
| 115|0x0000000713000000, 0x0000000713000000, 0x0000000713200000|  0%| F|  |TAMS 0x0000000713000000| PB 0x0000000713000000| Untracked |  0
| 116|0x0000000713200000, 0x0000000713200000, 0x0000000713400000|  0%| F|  |TAMS 0x0000000713200000| PB 0x0000000713200000| Untracked |  0
| 117|0x0000000713400000, 0x0000000713400000, 0x0000000713600000|  0%| F|  |TAMS 0x0000000713400000| PB 0x0000000713400000| Untracked |  0
| 118|0x0000000713600000, 0x0000000713600000, 0x0000000713800000|  0%| F|  |TAMS 0x0000000713600000| PB 0x0000000713600000| Untracked |  0
| 119|0x0000000713800000, 0x0000000713800000, 0x0000000713a00000|  0%| F|  |TAMS 0x0000000713800000| PB 0x0000000713800000| Untracked |  0
| 120|0x0000000713a00000, 0x0000000713a00000, 0x0000000713c00000|  0%| F|  |TAMS 0x0000000713a00000| PB 0x0000000713a00000| Untracked |  0
| 121|0x0000000713c00000, 0x0000000713c00000, 0x0000000713e00000|  0%| F|  |TAMS 0x0000000713c00000| PB 0x0000000713c00000| Untracked |  0
| 122|0x0000000713e00000, 0x0000000713e00000, 0x0000000714000000|  0%| F|  |TAMS 0x0000000713e00000| PB 0x0000000713e00000| Untracked |  0
| 123|0x0000000714000000, 0x00000007140f5cb8, 0x0000000714200000| 48%| E|  |TAMS 0x0000000714000000| PB 0x0000000714000000| Complete |  0
| 124|0x0000000714200000, 0x0000000714400000, 0x0000000714400000|100%| E|CS|TAMS 0x0000000714200000| PB 0x0000000714200000| Complete |  0
| 125|0x0000000714400000, 0x0000000714600000, 0x0000000714600000|100%| E|CS|TAMS 0x0000000714400000| PB 0x0000000714400000| Complete |  0
|2010|0x00000007ffe00000, 0x00000007fff1d1c0, 0x0000000800000000| 55%| O|  |TAMS 0x00000007ffe00000| PB 0x00000007ffe00000| Untracked |  0

Card table byte_map: [0x000001a5d6d80000,0x000001a5d7560000] _byte_map_base: 0x000001a5d355b000

Marking Bits: (CMBitMap*) 0x000001a5be8061b0
 Bits: [0x000001a5d7560000, 0x000001a5db438000)

Polling page: 0x000001a5bc540000

Metaspace:

Usage:
  Non-class:    914.69 KB used.
      Class:     56.70 KB used.
       Both:    971.38 KB used.

Virtual space:
  Non-class space:       64.00 MB reserved,     960.00 KB (  1%) committed,  1 nodes.
      Class space:        1.00 GB reserved,     128.00 KB ( <1%) committed,  1 nodes.
             Both:        1.06 GB reserved,       1.06 MB ( <1%) committed. 

Chunk freelists:
   Non-Class:  11.76 MB
       Class:  15.71 MB
        Both:  27.47 MB

MaxMetaspaceSize: unlimited
CompressedClassSpaceSize: 1.00 GB
Initial GC threshold: 21.00 MB
Current GC threshold: 21.00 MB
CDS: on
 - commit_granule_bytes: 65536.
 - commit_granule_words: 8192.
 - virtual_space_node_default_size: 8388608.
 - enlarge_chunks_in_place: 1.
UseCompressedClassPointers 1, UseCompactObjectHeaders 0
Narrow klass pointer bits 32, Max shift 3
Narrow klass base: 0x000001a5df000000, Narrow klass shift: 0
Encoding Range: [0x000001a5df000000 - 0x000001a6df000000), (4294967296 bytes)
Klass Range:    [0x000001a5df000000 - 0x000001a620000000), (1090519040 bytes)
Klass ID Range:  [8 - 1090519033) (1090519025)


Internal statistics:

num_allocs_failed_limit: 0.
num_arena_births: 28.
num_arena_deaths: 0.
num_vsnodes_births: 2.
num_vsnodes_deaths: 0.
num_space_committed: 17.
num_space_uncommitted: 0.
num_chunks_returned_to_freelist: 0.
num_chunks_taken_from_freelist: 47.
num_chunk_merges: 0.
num_chunk_splits: 30.
num_chunks_enlarged: 20.
num_inconsistent_stats: 0.

CodeHeap 'non-profiled nmethods': size=120064Kb used=116Kb max_used=116Kb free=119947Kb
 bounds [0x000001a5ceb00000, 0x000001a5ced70000, 0x000001a5d6040000]
CodeHeap 'profiled nmethods': size=120000Kb used=420Kb max_used=420Kb free=119579Kb
 bounds [0x000001a5c7040000, 0x000001a5c72b0000, 0x000001a5ce570000]
CodeHeap 'non-nmethods': size=5696Kb used=1227Kb max_used=1255Kb free=4468Kb
 bounds [0x000001a5ce570000, 0x000001a5ce7e0000, 0x000001a5ceb00000]
CodeCache: size=245760Kb, used=1763Kb, max_used=1791Kb, free=243994Kb
 total_blobs=739, nmethods=345, adapters=300, full_count=0
Compilation: enabled, stopped_count=0, restarted_count=0

Compilation events (20 events):
Event: 0.199 Thread 0x000001a5de0faba0 nmethod 332 0x000001a5c708c688 code [0x000001a5c708c7e0, 0x000001a5c708cd00]
Event: 0.199 Thread 0x000001a5de0faba0  331       3       java.util.jar.JarFile::getEntry (35 bytes)
Event: 0.200 Thread 0x000001a5de0faba0 nmethod 331 0x000001a5c708cd88 code [0x000001a5c708cf00, 0x000001a5c708d3e0]
Event: 0.200 Thread 0x000001a5de0faba0  333       3       java.lang.ClassLoader::checkName (37 bytes)
Event: 0.200 Thread 0x000001a5de0faba0 nmethod 333 0x000001a5c708d408 code [0x000001a5c708d5a0, 0x000001a5c708df18]
Event: 0.200 Thread 0x000001a5de0faba0  334       3       java.lang.CharacterDataLatin1::equalsIgnoreCase (63 bytes)
Event: 0.201 Thread 0x000001a5de0faba0 nmethod 334 0x000001a5c708df88 code [0x000001a5c708e0c0, 0x000001a5c708e368]
Event: 0.201 Thread 0x000001a5de0faba0  336       3       java.lang.String::endsWith (15 bytes)
Event: 0.201 Thread 0x000001a5de0faba0 nmethod 336 0x000001a5c708e388 code [0x000001a5c708e4e0, 0x000001a5c708ea90]
Event: 0.202 Thread 0x000001a5de0faba0  337       3       java.util.Objects::hashCode (13 bytes)
Event: 0.202 Thread 0x000001a5de0faba0 nmethod 337 0x000001a5c708eb08 code [0x000001a5c708ec40, 0x000001a5c708ee58]
Event: 0.202 Thread 0x000001a5de0faba0  338       3       java.lang.ClassLoader::findLoadedClass (15 bytes)
Event: 0.202 Thread 0x000001a5de0faba0 nmethod 338 0x000001a5c708ee88 code [0x000001a5c708efc0, 0x000001a5c708f1a0]
Event: 0.202 Thread 0x000001a5de0faba0  340       1       java.lang.invoke.MethodTypeForm::erasedType (5 bytes)
Event: 0.202 Thread 0x000001a5de0faba0 nmethod 340 0x000001a5ceb1ce08 code [0x000001a5ceb1cf00, 0x000001a5ceb1cfc8]
Event: 0.202 Thread 0x000001a5de0faba0  341       3       jdk.internal.classfile.impl.AbstractPoolEntry::hash2 (15 bytes)
Event: 0.202 Thread 0x000001a5de0faba0 nmethod 341 0x000001a5c708f208 code [0x000001a5c708f320, 0x000001a5c708f428]
Event: 0.202 Thread 0x000001a5de0faba0  342       3       jdk.internal.classfile.impl.StackMapGenerator$Type::<init> (20 bytes)
Event: 0.203 Thread 0x000001a5de0faba0 nmethod 342 0x000001a5c708f508 code [0x000001a5c708f620, 0x000001a5c708f850]
Event: 0.203 Thread 0x000001a5de0faba0  343       3       jdk.internal.classfile.impl.StackMapGenerator::processBlock (2767 bytes)

GC Heap History (0 events):
No events

Dll operation events (5 events):
Event: 0.008 Loaded shared library C:\Program Files\Java\jdk-24\bin\java.dll
Event: 0.034 Loaded shared library C:\Program Files\Java\jdk-24\bin\jsvml.dll
Event: 0.040 Loaded shared library C:\Program Files\Java\jdk-24\bin\net.dll
Event: 0.041 Loaded shared library C:\Program Files\Java\jdk-24\bin\nio.dll
Event: 0.044 Loaded shared library C:\Program Files\Java\jdk-24\bin\zip.dll

Deoptimization events (14 events):
Event: 0.098 Thread 0x000001a5bc327ae0 DEOPT PACKING pc=0x000001a5c7055d18 sp=0x00000091b94fe3f0
Event: 0.098 Thread 0x000001a5bc327ae0 DEOPT UNPACKING pc=0x000001a5ce5c5722 sp=0x00000091b94fd860 mode 0
Event: 0.129 Thread 0x000001a5bc327ae0 Uncommon trap: trap_request=0xffffff4d fr.pc=0x000001a5ceb0cf24 relative=0x0000000000000124
Event: 0.129 Thread 0x000001a5bc327ae0 Uncommon trap: reason=unstable_if action=reinterpret pc=0x000001a5ceb0cf24 method=java.lang.StringCoding.countPositives([BII)I @ 17 c2
Event: 0.129 Thread 0x000001a5bc327ae0 DEOPT PACKING pc=0x000001a5ceb0cf24 sp=0x00000091b94fa3b0
Event: 0.129 Thread 0x000001a5bc327ae0 DEOPT UNPACKING pc=0x000001a5ce687802 sp=0x00000091b94fa350 mode 2
Event: 0.134 Thread 0x000001a5bc327ae0 DEOPT PACKING pc=0x000001a5c7062598 sp=0x00000091b94fa1e0
Event: 0.134 Thread 0x000001a5bc327ae0 DEOPT UNPACKING pc=0x000001a5ce5c5722 sp=0x00000091b94f9650 mode 0
Event: 0.134 Thread 0x000001a5bc327ae0 DEOPT PACKING pc=0x000001a5c7062598 sp=0x00000091b94fa1e0
Event: 0.134 Thread 0x000001a5bc327ae0 DEOPT UNPACKING pc=0x000001a5ce5c5722 sp=0x00000091b94f9650 mode 0
Event: 0.139 Thread 0x000001a5bc327ae0 DEOPT PACKING pc=0x000001a5c7062598 sp=0x00000091b94fa1e0
Event: 0.139 Thread 0x000001a5bc327ae0 DEOPT UNPACKING pc=0x000001a5ce5c5722 sp=0x00000091b94f9650 mode 0
Event: 0.167 Thread 0x000001a5bc327ae0 DEOPT PACKING pc=0x000001a5c7062598 sp=0x00000091b94fa2f0
Event: 0.167 Thread 0x000001a5bc327ae0 DEOPT UNPACKING pc=0x000001a5ce5c5722 sp=0x00000091b94f9778 mode 0

Classes loaded (20 events):
Event: 0.055 Loading class sun/nio/ch/Util$1
Event: 0.055 Loading class sun/nio/ch/Util$1 done
Event: 0.055 Loading class sun/nio/ch/Util$BufferCache
Event: 0.055 Loading class sun/nio/ch/Util$BufferCache done
Event: 0.055 Loading class sun/nio/ch/IOStatus
Event: 0.055 Loading class sun/nio/ch/IOStatus done
Event: 0.060 Loading class java/io/FilenameFilter
Event: 0.060 Loading class java/io/FilenameFilter done
Event: 0.081 Loading class jdk/internal/loader/URLClassPath$FileLoader
Event: 0.081 Loading class jdk/internal/loader/URLClassPath$FileLoader done
Event: 0.153 Loading class java/lang/IllegalStateException
Event: 0.153 Loading class java/lang/IllegalStateException done
Event: 0.169 Loading class java/lang/NumberFormatException
Event: 0.169 Loading class java/lang/NumberFormatException done
Event: 0.188 Loading class java/lang/invoke/BoundMethodHandle$Species_LLLL
Event: 0.188 Loading class java/lang/invoke/BoundMethodHandle$Species_LLLL done
Event: 0.201 Loading class java/lang/InheritableThreadLocal
Event: 0.201 Loading class java/lang/InheritableThreadLocal done
Event: 0.201 Loading class java/util/concurrent/Callable
Event: 0.202 Loading class java/util/concurrent/Callable done

Classes unloaded (0 events):
No events

Classes redefined (0 events):
No events

Internal exceptions (3 events):
Event: 0.076 Thread 0x000001a5bc327ae0 Exception <a 'java/lang/NoSuchMethodError'{0x0000000714495590}: 'int java.lang.invoke.DirectMethodHandle$Holder.invokeSpecial(java.lang.Object, java.lang.Object, java.lang.Object)'> (0x0000000714495590) 
thrown [s\open\src\hotspot\share\interpreter\linkResolver.cpp, line 805]
Event: 0.194 Thread 0x000001a5bc327ae0 Exception <a 'java/lang/NoSuchMethodError'{0x00000007140bb398}: 'java.lang.Object java.lang.invoke.Invokers$Holder.invokeExact_MT(java.lang.Object, java.lang.Object, java.lang.Object, java.lang.Object, java.lang.Object)'> (0x00000007140bb398) 
thrown [s\open\src\hotspot\share\interpreter\linkResolver.cpp, line 805]
Event: 0.202 Thread 0x000001a5bc327ae0 Exception <a 'java/lang/NoSuchMethodError'{0x00000007140e6970}: 'java.lang.Object java.lang.invoke.DirectMethodHandle$Holder.invokeStaticInit(java.lang.Object)'> (0x00000007140e6970) 
thrown [s\open\src\hotspot\share\interpreter\linkResolver.cpp, line 805]

VM Operations (0 events):
No events

Memory protections (0 events):
No events

Nmethod flushes (0 events):
No events

Events (12 events):
Event: 0.021 Thread 0x000001a5bc327ae0 Thread added: 0x000001a5bc327ae0
Event: 0.031 Thread 0x000001a5bc327ae0 Thread added: 0x000001a5de0ef890
Event: 0.031 Thread 0x000001a5bc327ae0 Thread added: 0x000001a5de0effd0
Event: 0.031 Thread 0x000001a5bc327ae0 Thread added: 0x000001a5de0f5020
Event: 0.031 Thread 0x000001a5bc327ae0 Thread added: 0x000001a5de0f5b50
Event: 0.031 Thread 0x000001a5bc327ae0 Thread added: 0x000001a5de0f8690
Event: 0.031 Thread 0x000001a5bc327ae0 Thread added: 0x000001a5de0f91c0
Event: 0.031 Thread 0x000001a5bc327ae0 Thread added: 0x000001a5de0fa020
Event: 0.031 Thread 0x000001a5bc327ae0 Thread added: 0x000001a5de0faba0
Event: 0.035 Thread 0x000001a5bc327ae0 Thread added: 0x000001a5de15eca0
Event: 0.037 Thread 0x000001a5bc327ae0 Thread added: 0x000001a5de1a2410
Event: 0.094 Thread 0x000001a5de0faba0 Thread added: 0x000001a5de3384a0


Dynamic libraries:
0x00007ff7dc340000 - 0x00007ff7dc350000 	C:\Program Files\Java\jdk-24\bin\java.exe
0x00007ff9ffac0000 - 0x00007ff9ffd27000 	C:\WINDOWS\SYSTEM32\ntdll.dll
0x00007ff9fec10000 - 0x00007ff9fecd9000 	C:\WINDOWS\System32\KERNEL32.DLL
0x00007ff9fcf60000 - 0x00007ff9fd350000 	C:\WINDOWS\System32\KERNELBASE.dll
0x00007ff9fd620000 - 0x00007ff9fd76b000 	C:\WINDOWS\System32\ucrtbase.dll
0x00007ff9ddaf0000 - 0x00007ff9ddb06000 	C:\Program Files\Java\jdk-24\bin\jli.dll
0x00007ff9d6b90000 - 0x00007ff9d6bab000 	C:\Program Files\Java\jdk-24\bin\VCRUNTIME140.dll
0x00007ff9fed50000 - 0x00007ff9fef15000 	C:\WINDOWS\System32\USER32.dll
0x00007ff9fd770000 - 0x00007ff9fd797000 	C:\WINDOWS\System32\win32u.dll
0x00007ff9de970000 - 0x00007ff9dec0a000 	C:\WINDOWS\WinSxS\amd64_microsoft.windows.common-controls_6595b64144ccf1df_6.0.26100.4768_none_3e0c112ce331287c\COMCTL32.dll
0x00007ff9ff5f0000 - 0x00007ff9ff61b000 	C:\WINDOWS\System32\GDI32.dll
0x00007ff9feb40000 - 0x00007ff9febe9000 	C:\WINDOWS\System32\msvcrt.dll
0x00007ff9fd4e0000 - 0x00007ff9fd618000 	C:\WINDOWS\System32\gdi32full.dll
0x00007ff9fd7a0000 - 0x00007ff9fd843000 	C:\WINDOWS\System32\msvcp_win.dll
0x00007ff9fdb00000 - 0x00007ff9fdb2f000 	C:\WINDOWS\System32\IMM32.DLL
0x00007ff9eaac0000 - 0x00007ff9eaacc000 	C:\Program Files\Java\jdk-24\bin\vcruntime140_1.dll
0x00007ff9e3010000 - 0x00007ff9e309e000 	C:\Program Files\Java\jdk-24\bin\msvcp140.dll
0x00007ff9a3ce0000 - 0x00007ff9a4a82000 	C:\Program Files\Java\jdk-24\bin\server\jvm.dll
0x00007ff9fdc30000 - 0x00007ff9fdce4000 	C:\WINDOWS\System32\ADVAPI32.dll
0x00007ff9fef20000 - 0x00007ff9fefc6000 	C:\WINDOWS\System32\sechost.dll
0x00007ff9fd850000 - 0x00007ff9fd968000 	C:\WINDOWS\System32\RPCRT4.dll
0x00007ff9fda80000 - 0x00007ff9fdaf4000 	C:\WINDOWS\System32\WS2_32.dll
0x00007ff9f3630000 - 0x00007ff9f3665000 	C:\WINDOWS\SYSTEM32\WINMM.dll
0x00007ff9dcf70000 - 0x00007ff9dcf7b000 	C:\WINDOWS\SYSTEM32\VERSION.dll
0x00007ff9fca50000 - 0x00007ff9fcaae000 	C:\WINDOWS\SYSTEM32\POWRPROF.dll
0x00007ff9fca30000 - 0x00007ff9fca44000 	C:\WINDOWS\SYSTEM32\UMPDC.dll
0x00007ff9fb940000 - 0x00007ff9fb95b000 	C:\WINDOWS\SYSTEM32\kernel.appcore.dll
0x00007ff9e71a0000 - 0x00007ff9e71aa000 	C:\Program Files\Java\jdk-24\bin\jimage.dll
0x00007ff9fa320000 - 0x00007ff9fa561000 	C:\WINDOWS\SYSTEM32\DBGHELP.DLL
0x00007ff9ff620000 - 0x00007ff9ff9a5000 	C:\WINDOWS\System32\combase.dll
0x00007ff9fdb40000 - 0x00007ff9fdc20000 	C:\WINDOWS\System32\OLEAUT32.dll
0x00007ff9dba70000 - 0x00007ff9dbab3000 	C:\WINDOWS\SYSTEM32\dbgcore.DLL
0x00007ff9fce30000 - 0x00007ff9fcec9000 	C:\WINDOWS\System32\bcryptPrimitives.dll
0x00007ff9d0100000 - 0x00007ff9d011e000 	C:\Program Files\Java\jdk-24\bin\java.dll
0x00007ff9ff120000 - 0x00007ff9ff2c0000 	C:\WINDOWS\System32\ole32.dll
0x00007ff9fe200000 - 0x00007ff9fe94d000 	C:\WINDOWS\System32\SHELL32.dll
0x00007ff9fd360000 - 0x00007ff9fd4d3000 	C:\WINDOWS\System32\wintypes.dll
0x00007ff9fa7b0000 - 0x00007ff9fb010000 	C:\WINDOWS\SYSTEM32\windows.storage.dll
0x00007ff9fd980000 - 0x00007ff9fda75000 	C:\WINDOWS\System32\SHCORE.dll
0x00007ff9fece0000 - 0x00007ff9fed4a000 	C:\WINDOWS\System32\shlwapi.dll
0x00007ff9fcb10000 - 0x00007ff9fcb39000 	C:\WINDOWS\SYSTEM32\profapi.dll
0x00007ff9ab9f0000 - 0x00007ff9abac7000 	C:\Program Files\Java\jdk-24\bin\jsvml.dll
0x00007ff9e6b30000 - 0x00007ff9e6b40000 	C:\Program Files\Java\jdk-24\bin\net.dll
0x00007ff9fbee0000 - 0x00007ff9fbf4b000 	C:\WINDOWS\system32\mswsock.dll
0x00007ff9c59f0000 - 0x00007ff9c5a06000 	C:\Program Files\Java\jdk-24\bin\nio.dll
0x00007ff9c57f0000 - 0x00007ff9c5807000 	C:\Program Files\Java\jdk-24\bin\zip.dll

JVMTI agents: none

dbghelp: loaded successfully - version: 4.0.5 - missing functions: none
symbol engine: initialized successfully - sym options: 0x614 - pdb path: .;C:\Program Files\Java\jdk-24\bin;C:\WINDOWS\SYSTEM32;C:\WINDOWS\WinSxS\amd64_microsoft.windows.common-controls_6595b64144ccf1df_6.0.26100.4768_none_3e0c112ce331287c;C:\Program Files\Java\jdk-24\bin\server

VM Arguments:
jvm_args: -Dclassworlds.conf=C:\Users\suadm\Downloads\netbeans-26-bin\netbeans\java\maven\bin\m2.conf -Dmaven.home=C:\Users\suadm\Downloads\netbeans-26-bin\netbeans\java\maven -Dlibrary.jansi.path=C:\Users\suadm\Downloads\netbeans-26-bin\netbeans\java\maven\lib\jansi-native -Dmaven.multiModuleProjectDirectory=C:\Users\suadm\OneDrive\Documents\NetBeansProjects\tours_and_travel 
java_command: org.codehaus.plexus.classworlds.launcher.Launcher -Dexec.vmArgs= -Dexec.args=${exec.vmArgs} -classpath %classpath ${exec.mainClass} ${exec.appArgs} -Dexec.appArgs= -Dexec.mainClass=com.mycompany.tours_and_travel.MainFrame -Dexec.executable=C:\Program Files\Java\jdk-24\bin\java.exe -Dmaven.ext.class.path=C:\Users\suadm\Downloads\netbeans-26-bin\netbeans\java\maven-nblib\netbeans-eventspy.jar --no-transfer-progress process-classes org.codehaus.mojo:exec-maven-plugin:3.1.0:exec
java_class_path (initial): C:\Users\suadm\Downloads\netbeans-26-bin\netbeans\java\maven\boot\plexus-classworlds-2.8.0.jar
Launcher Type: SUN_STANDARD

[Global flags]
     intx CICompilerCount                          = 4                                         {product} {ergonomic}
     uint ConcGCThreads                            = 3                                         {product} {ergonomic}
     uint G1ConcRefinementThreads                  = 10                                        {product} {ergonomic}
   size_t G1HeapRegionSize                         = 2097152                                   {product} {ergonomic}
   size_t InitialHeapSize                          = 264241152                                 {product} {ergonomic}
   size_t MarkStackSize                            = 4194304                                   {product} {ergonomic}
   size_t MarkStackSizeMax                         = 536870912                                 {product} {ergonomic}
   size_t MaxHeapSize                              = 4217372672                                {product} {ergonomic}
   size_t MaxNewSize                               = 2529165312                                {product} {ergonomic}
   size_t MinHeapDeltaBytes                        = 2097152                                   {product} {ergonomic}
   size_t MinHeapSize                              = 8388608                                   {product} {ergonomic}
    uintx NonNMethodCodeHeapSize                   = 5832704                                {pd product} {ergonomic}
    uintx NonProfiledCodeHeapSize                  = 122945536                              {pd product} {ergonomic}
    uintx ProfiledCodeHeapSize                     = 122880000                              {pd product} {ergonomic}
    uintx ReservedCodeCacheSize                    = 251658240                              {pd product} {ergonomic}
     bool SegmentedCodeCache                       = true                                      {product} {ergonomic}
   size_t SoftMaxHeapSize                          = 4217372672                             {manageable} {ergonomic}
     bool UseCompressedOops                        = true                           {product lp64_product} {ergonomic}
     bool UseG1GC                                  = true                                      {product} {ergonomic}
     bool UseLargePagesIndividualAllocation        = false                                  {pd product} {ergonomic}

Logging:
Log output configuration:
 #0: stdout all=warning uptime,level,tags foldmultilines=false
 #1: stderr all=off uptime,level,tags foldmultilines=false

Environment Variables:
JAVA_HOME=C:\Program Files\Java\jdk-24
PATH=C:\Program Files\Python313\Scripts\;C:\Program Files\Python313\;C:\Program Files\Common Files\Oracle\Java\javapath;C:\WINDOWS\system32;C:\WINDOWS;C:\WINDOWS\System32\Wbem;C:\WINDOWS\System32\WindowsPowerShell\v1.0\;C:\WINDOWS\System32\OpenSSH\;C:\Program Files\dotnet\;C:\Program Files (x86)\Graphviz\bin;C:\Program Files\MySQL\MySQL Server 8.0\bin;C:\Program Files\Git\cmd;C:\Program Files\nodejs\;C:\Program Files\MySQL\MySQL Shell 8.0\bin\;C:\Users\suadm\AppData\Local\Microsoft\WindowsApps;C:\Users\suadm\AppData\Local\Programs\Microsoft VS Code\bin;C:\Users\suadm\AppData\Roaming\npm;
USERNAME=suadm
OS=Windows_NT
PROCESSOR_IDENTIFIER=Intel64 Family 6 Model 154 Stepping 4, GenuineIntel
TMP=C:\Users\suadm\AppData\Local\Temp
TEMP=C:\Users\suadm\AppData\Local\Temp




Periodic native trim disabled

---------------  S Y S T E M  ---------------

OS:
 Windows 11 , 64 bit Build 26100 (10.0.26100.4768)
OS uptime: 1 days 1:15 hours
Hyper-V role detected

CPU: total 12 (initial active 12) (6 cores per cpu, 2 threads per core) family 6 model 154 stepping 4 microcode 0x433, cx8, cmov, fxsr, ht, mmx, 3dnowpref, sse, sse2, sse3, ssse3, sse4.1, sse4.2, popcnt, lzcnt, tsc, tscinvbit, avx, avx2, aes, erms, clmul, bmi1, bmi2, adx, sha, fma, vzeroupper, clflush, clflushopt, clwb, hv, serialize, rdtscp, rdpid, fsrm, gfni, f16c, cet_ibt, cet_ss
Processor Information for processor 0
  Max Mhz: 1700, Current Mhz: 1700, Mhz Limit: 1700
Processor Information for processor 1
  Max Mhz: 1700, Current Mhz: 1700, Mhz Limit: 1700
Processor Information for processor 2
  Max Mhz: 1700, Current Mhz: 1700, Mhz Limit: 1700
Processor Information for processor 3
  Max Mhz: 1700, Current Mhz: 1700, Mhz Limit: 1700
Processor Information for processor 4
  Max Mhz: 1700, Current Mhz: 1200, Mhz Limit: 1190
Processor Information for processor 5
  Max Mhz: 1700, Current Mhz: 1200, Mhz Limit: 1190
Processor Information for processor 6
  Max Mhz: 1700, Current Mhz: 1200, Mhz Limit: 1190
Processor Information for processor 7
  Max Mhz: 1700, Current Mhz: 1200, Mhz Limit: 1190
Processor Information for processor 8
  Max Mhz: 1700, Current Mhz: 1200, Mhz Limit: 1190
Processor Information for processor 9
  Max Mhz: 1700, Current Mhz: 1200, Mhz Limit: 1190
Processor Information for processor 10
  Max Mhz: 1700, Current Mhz: 1200, Mhz Limit: 1190
Processor Information for processor 11
  Max Mhz: 1700, Current Mhz: 1200, Mhz Limit: 1190

Memory: 4k page, system-wide physical 16087M (5950M free)
TotalPageFile size 17111M (AvailPageFile size 4270M)
current process WorkingSet (physical memory assigned to process): 52M, peak: 52M
current process commit charge ("private bytes"): 351M, peak: 351M

vm_info: Java HotSpot(TM) 64-Bit Server VM (24.0.1+9-30) for windows-amd64 JRE (24.0.1+9-30), built on 2025-03-05T07:23:45Z with MS VC++ 17.6 (VS2022)

END.
